Reading netlist file: "D:\datos\proyectos\42_Tang_Nano_9k\24_MSX_hdmi_tn9k\impl\gwsynthesis\MSX_hdmi_tn9k.vg"
Parsing netlist file "D:\datos\proyectos\42_Tang_Nano_9k\24_MSX_hdmi_tn9k\impl\gwsynthesis\MSX_hdmi_tn9k.vg" completed
Processing netlist completed
Reading constraint file: "D:\datos\proyectos\42_Tang_Nano_9k\24_MSX_hdmi_tn9k\tang9k.cst"
Physical Constraint parsed completed
Running placement......
[10%] Placement Phase 0 completed
[20%] Placement Phase 1 completed
[30%] Placement Phase 2 completed
WARN  (TA1117) : Can't calculate clocks' relationship between: "clk_48k" and "clock_100m"
WARN  (TA1117) : Can't calculate clocks' relationship between: "clk_48k" and "clock_25m"
WARN  (TA1117) : Can't calculate clocks' relationship between: "clock_50m" and "clk_1m8"
WARN  (TA1117) : Can't calculate clocks' relationship between: "clock_50m" and "psg1/env_reset"
[50%] Placement Phase 3 completed
Running routing......
[60%] Routing Phase 0 completed
[70%] Routing Phase 1 completed
[80%] Routing Phase 2 completed
[90%] Routing Phase 3 completed
Running timing analysis......
[95%] Timing analysis completed
Placement and routing completed
Bitstream generation in progress......
Bitstream generation completed
Running power analysis......
[100%] Power analysis completed
Generate file "D:\datos\proyectos\42_Tang_Nano_9k\24_MSX_hdmi_tn9k\impl\pnr\MSX_hdmi_tn9k.power.html" completed
Generate file "D:\datos\proyectos\42_Tang_Nano_9k\24_MSX_hdmi_tn9k\impl\pnr\MSX_hdmi_tn9k.pin.html" completed
Generate file "D:\datos\proyectos\42_Tang_Nano_9k\24_MSX_hdmi_tn9k\impl\pnr\MSX_hdmi_tn9k.rpt.html" completed
Generate file "D:\datos\proyectos\42_Tang_Nano_9k\24_MSX_hdmi_tn9k\impl\pnr\MSX_hdmi_tn9k.rpt.txt" completed
Generate file "D:\datos\proyectos\42_Tang_Nano_9k\24_MSX_hdmi_tn9k\impl\pnr\MSX_hdmi_tn9k.tr.html" completed
Sat May 20 10:54:47 2023

